Traceback (most recent call last):
  File "C:\Users\david\miniconda3\envs\ml_venv\lib\site-packages\jupyter_cache\executors\utils.py", line 58, in single_nb_execution
    executenb(
  File "C:\Users\david\miniconda3\envs\ml_venv\lib\site-packages\nbclient\client.py", line 1305, in execute
    return NotebookClient(nb=nb, resources=resources, km=km, **kwargs).execute()
  File "C:\Users\david\miniconda3\envs\ml_venv\lib\site-packages\jupyter_core\utils\__init__.py", line 166, in wrapped
    return loop.run_until_complete(inner)
  File "C:\Users\david\miniconda3\envs\ml_venv\lib\asyncio\base_events.py", line 647, in run_until_complete
    return future.result()
  File "C:\Users\david\miniconda3\envs\ml_venv\lib\site-packages\nbclient\client.py", line 705, in async_execute
    await self.async_execute_cell(
  File "C:\Users\david\miniconda3\envs\ml_venv\lib\site-packages\nbclient\client.py", line 1058, in async_execute_cell
    await self._check_raise_for_error(cell, cell_index, exec_reply)
  File "C:\Users\david\miniconda3\envs\ml_venv\lib\site-packages\nbclient\client.py", line 914, in _check_raise_for_error
    raise CellExecutionError.from_cell_and_msg(cell, exec_reply_content)
nbclient.exceptions.CellExecutionError: An error occurred while executing the following cell:
------------------
path = kagglehub.dataset_download("austinreese/craigslist-carstrucks-data")

print("Path to dataset files:", path)
------------------


[1;31m---------------------------------------------------------------------------[0m
[1;31mtimeout[0m                                   Traceback (most recent call last)
File [1;32m~\miniconda3\envs\ml_venv\lib\site-packages\urllib3\connection.py:174[0m, in [0;36mHTTPConnection._new_conn[1;34m(self)[0m
[0;32m    173[0m [38;5;28;01mtry[39;00m:
[1;32m--> 174[0m     conn [38;5;241m=[39m connection[38;5;241m.[39mcreate_connection(
[0;32m    175[0m         ([38;5;28mself[39m[38;5;241m.[39m_dns_host, [38;5;28mself[39m[38;5;241m.[39mport), [38;5;28mself[39m[38;5;241m.[39mtimeout, [38;5;241m*[39m[38;5;241m*[39mextra_kw
[0;32m    176[0m     )
[0;32m    178[0m [38;5;28;01mexcept[39;00m SocketTimeout:

File [1;32m~\miniconda3\envs\ml_venv\lib\site-packages\urllib3\util\connection.py:95[0m, in [0;36mcreate_connection[1;34m(address, timeout, source_address, socket_options)[0m
[0;32m     94[0m [38;5;28;01mif[39;00m err [38;5;129;01mis[39;00m [38;5;129;01mnot[39;00m [38;5;28;01mNone[39;00m:
[1;32m---> 95[0m     [38;5;28;01mraise[39;00m err
[0;32m     97[0m [38;5;28;01mraise[39;00m socket[38;5;241m.[39merror([38;5;124m"[39m[38;5;124mgetaddrinfo returns an empty list[39m[38;5;124m"[39m)

File [1;32m~\miniconda3\envs\ml_venv\lib\site-packages\urllib3\util\connection.py:85[0m, in [0;36mcreate_connection[1;34m(address, timeout, source_address, socket_options)[0m
[0;32m     84[0m     sock[38;5;241m.[39mbind(source_address)
[1;32m---> 85[0m [43msock[49m[38;5;241;43m.[39;49m[43mconnect[49m[43m([49m[43msa[49m[43m)[49m
[0;32m     86[0m [38;5;28;01mreturn[39;00m sock

[1;31mtimeout[0m: timed out

During handling of the above exception, another exception occurred:

[1;31mConnectTimeoutError[0m                       Traceback (most recent call last)
File [1;32m~\miniconda3\envs\ml_venv\lib\site-packages\urllib3\connectionpool.py:714[0m, in [0;36mHTTPConnectionPool.urlopen[1;34m(self, method, url, body, headers, retries, redirect, assert_same_host, timeout, pool_timeout, release_conn, chunked, body_pos, **response_kw)[0m
[0;32m    713[0m [38;5;66;03m# Make the request on the httplib connection object.[39;00m
[1;32m--> 714[0m httplib_response [38;5;241m=[39m [38;5;28;43mself[39;49m[38;5;241;43m.[39;49m[43m_make_request[49m[43m([49m
[0;32m    715[0m [43m    [49m[43mconn[49m[43m,[49m
[0;32m    716[0m [43m    [49m[43mmethod[49m[43m,[49m
[0;32m    717[0m [43m    [49m[43murl[49m[43m,[49m
[0;32m    718[0m [43m    [49m[43mtimeout[49m[38;5;241;43m=[39;49m[43mtimeout_obj[49m[43m,[49m
[0;32m    719[0m [43m    [49m[43mbody[49m[38;5;241;43m=[39;49m[43mbody[49m[43m,[49m
[0;32m    720[0m [43m    [49m[43mheaders[49m[38;5;241;43m=[39;49m[43mheaders[49m[43m,[49m
[0;32m    721[0m [43m    [49m[43mchunked[49m[38;5;241;43m=[39;49m[43mchunked[49m[43m,[49m
[0;32m    722[0m [43m[49m[43m)[49m
[0;32m    724[0m [38;5;66;03m# If we're going to release the connection in ``finally:``, then[39;00m
[0;32m    725[0m [38;5;66;03m# the response doesn't need to know about the connection. Otherwise[39;00m
[0;32m    726[0m [38;5;66;03m# it will also try to release it and we'll have a double-release[39;00m
[0;32m    727[0m [38;5;66;03m# mess.[39;00m

File [1;32m~\miniconda3\envs\ml_venv\lib\site-packages\urllib3\connectionpool.py:403[0m, in [0;36mHTTPConnectionPool._make_request[1;34m(self, conn, method, url, timeout, chunked, **httplib_request_kw)[0m
[0;32m    402[0m [38;5;28;01mtry[39;00m:
[1;32m--> 403[0m     [38;5;28;43mself[39;49m[38;5;241;43m.[39;49m[43m_validate_conn[49m[43m([49m[43mconn[49m[43m)[49m
[0;32m    404[0m [38;5;28;01mexcept[39;00m (SocketTimeout, BaseSSLError) [38;5;28;01mas[39;00m e:
[0;32m    405[0m     [38;5;66;03m# Py2 raises this as a BaseSSLError, Py3 raises it as socket timeout.[39;00m

File [1;32m~\miniconda3\envs\ml_venv\lib\site-packages\urllib3\connectionpool.py:1053[0m, in [0;36mHTTPSConnectionPool._validate_conn[1;34m(self, conn)[0m
[0;32m   1052[0m [38;5;28;01mif[39;00m [38;5;129;01mnot[39;00m [38;5;28mgetattr[39m(conn, [38;5;124m"[39m[38;5;124msock[39m[38;5;124m"[39m, [38;5;28;01mNone[39;00m):  [38;5;66;03m# AppEngine might not have  `.sock`[39;00m
[1;32m-> 1053[0m     [43mconn[49m[38;5;241;43m.[39;49m[43mconnect[49m[43m([49m[43m)[49m
[0;32m   1055[0m [38;5;28;01mif[39;00m [38;5;129;01mnot[39;00m conn[38;5;241m.[39mis_verified:

File [1;32m~\miniconda3\envs\ml_venv\lib\site-packages\urllib3\connection.py:363[0m, in [0;36mHTTPSConnection.connect[1;34m(self)[0m
[0;32m    361[0m [38;5;28;01mdef[39;00m[38;5;250m [39m[38;5;21mconnect[39m([38;5;28mself[39m):
[0;32m    362[0m     [38;5;66;03m# Add certificate verification[39;00m
[1;32m--> 363[0m     [38;5;28mself[39m[38;5;241m.[39msock [38;5;241m=[39m conn [38;5;241m=[39m [38;5;28;43mself[39;49m[38;5;241;43m.[39;49m[43m_new_conn[49m[43m([49m[43m)[49m
[0;32m    364[0m     hostname [38;5;241m=[39m [38;5;28mself[39m[38;5;241m.[39mhost

File [1;32m~\miniconda3\envs\ml_venv\lib\site-packages\urllib3\connection.py:179[0m, in [0;36mHTTPConnection._new_conn[1;34m(self)[0m
[0;32m    178[0m [38;5;28;01mexcept[39;00m SocketTimeout:
[1;32m--> 179[0m     [38;5;28;01mraise[39;00m ConnectTimeoutError(
[0;32m    180[0m         [38;5;28mself[39m,
[0;32m    181[0m         [38;5;124m"[39m[38;5;124mConnection to [39m[38;5;132;01m%s[39;00m[38;5;124m timed out. (connect timeout=[39m[38;5;132;01m%s[39;00m[38;5;124m)[39m[38;5;124m"[39m
[0;32m    182[0m         [38;5;241m%[39m ([38;5;28mself[39m[38;5;241m.[39mhost, [38;5;28mself[39m[38;5;241m.[39mtimeout),
[0;32m    183[0m     )
[0;32m    185[0m [38;5;28;01mexcept[39;00m SocketError [38;5;28;01mas[39;00m e:

[1;31mConnectTimeoutError[0m: (<urllib3.connection.HTTPSConnection object at 0x000002627BDA2580>, 'Connection to www.kaggle.com timed out. (connect timeout=5)')

During handling of the above exception, another exception occurred:

[1;31mMaxRetryError[0m                             Traceback (most recent call last)
File [1;32m~\miniconda3\envs\ml_venv\lib\site-packages\requests\adapters.py:486[0m, in [0;36mHTTPAdapter.send[1;34m(self, request, stream, timeout, verify, cert, proxies)[0m
[0;32m    485[0m [38;5;28;01mtry[39;00m:
[1;32m--> 486[0m     resp [38;5;241m=[39m [43mconn[49m[38;5;241;43m.[39;49m[43murlopen[49m[43m([49m
[0;32m    487[0m [43m        [49m[43mmethod[49m[38;5;241;43m=[39;49m[43mrequest[49m[38;5;241;43m.[39;49m[43mmethod[49m[43m,[49m
[0;32m    488[0m [43m        [49m[43murl[49m[38;5;241;43m=[39;49m[43murl[49m[43m,[49m
[0;32m    489[0m [43m        [49m[43mbody[49m[38;5;241;43m=[39;49m[43mrequest[49m[38;5;241;43m.[39;49m[43mbody[49m[43m,[49m
[0;32m    490[0m [43m        [49m[43mheaders[49m[38;5;241;43m=[39;49m[43mrequest[49m[38;5;241;43m.[39;49m[43mheaders[49m[43m,[49m
[0;32m    491[0m [43m        [49m[43mredirect[49m[38;5;241;43m=[39;49m[38;5;28;43;01mFalse[39;49;00m[43m,[49m
[0;32m    492[0m [43m        [49m[43massert_same_host[49m[38;5;241;43m=[39;49m[38;5;28;43;01mFalse[39;49;00m[43m,[49m
[0;32m    493[0m [43m        [49m[43mpreload_content[49m[38;5;241;43m=[39;49m[38;5;28;43;01mFalse[39;49;00m[43m,[49m
[0;32m    494[0m [43m        [49m[43mdecode_content[49m[38;5;241;43m=[39;49m[38;5;28;43;01mFalse[39;49;00m[43m,[49m
[0;32m    495[0m [43m        [49m[43mretries[49m[38;5;241;43m=[39;49m[38;5;28;43mself[39;49m[38;5;241;43m.[39;49m[43mmax_retries[49m[43m,[49m
[0;32m    496[0m [43m        [49m[43mtimeout[49m[38;5;241;43m=[39;49m[43mtimeout[49m[43m,[49m
[0;32m    497[0m [43m        [49m[43mchunked[49m[38;5;241;43m=[39;49m[43mchunked[49m[43m,[49m
[0;32m    498[0m [43m    [49m[43m)[49m
[0;32m    500[0m [38;5;28;01mexcept[39;00m (ProtocolError, [38;5;167;01mOSError[39;00m) [38;5;28;01mas[39;00m err:

File [1;32m~\miniconda3\envs\ml_venv\lib\site-packages\urllib3\connectionpool.py:798[0m, in [0;36mHTTPConnectionPool.urlopen[1;34m(self, method, url, body, headers, retries, redirect, assert_same_host, timeout, pool_timeout, release_conn, chunked, body_pos, **response_kw)[0m
[0;32m    796[0m     e [38;5;241m=[39m ProtocolError([38;5;124m"[39m[38;5;124mConnection aborted.[39m[38;5;124m"[39m, e)
[1;32m--> 798[0m retries [38;5;241m=[39m [43mretries[49m[38;5;241;43m.[39;49m[43mincrement[49m[43m([49m
[0;32m    799[0m [43m    [49m[43mmethod[49m[43m,[49m[43m [49m[43murl[49m[43m,[49m[43m [49m[43merror[49m[38;5;241;43m=[39;49m[43me[49m[43m,[49m[43m [49m[43m_pool[49m[38;5;241;43m=[39;49m[38;5;28;43mself[39;49m[43m,[49m[43m [49m[43m_stacktrace[49m[38;5;241;43m=[39;49m[43msys[49m[38;5;241;43m.[39;49m[43mexc_info[49m[43m([49m[43m)[49m[43m[[49m[38;5;241;43m2[39;49m[43m][49m
[0;32m    800[0m [43m[49m[43m)[49m
[0;32m    801[0m retries[38;5;241m.[39msleep()

File [1;32m~\miniconda3\envs\ml_venv\lib\site-packages\urllib3\util\retry.py:592[0m, in [0;36mRetry.increment[1;34m(self, method, url, response, error, _pool, _stacktrace)[0m
[0;32m    591[0m [38;5;28;01mif[39;00m new_retry[38;5;241m.[39mis_exhausted():
[1;32m--> 592[0m     [38;5;28;01mraise[39;00m MaxRetryError(_pool, url, error [38;5;129;01mor[39;00m ResponseError(cause))
[0;32m    594[0m log[38;5;241m.[39mdebug([38;5;124m"[39m[38;5;124mIncremented Retry for (url=[39m[38;5;124m'[39m[38;5;132;01m%s[39;00m[38;5;124m'[39m[38;5;124m): [39m[38;5;132;01m%r[39;00m[38;5;124m"[39m, url, new_retry)

[1;31mMaxRetryError[0m: HTTPSConnectionPool(host='www.kaggle.com', port=443): Max retries exceeded with url: /api/v1/datasets/view/austinreese/craigslist-carstrucks-data (Caused by ConnectTimeoutError(<urllib3.connection.HTTPSConnection object at 0x000002627BDA2580>, 'Connection to www.kaggle.com timed out. (connect timeout=5)'))

During handling of the above exception, another exception occurred:

[1;31mConnectTimeout[0m                            Traceback (most recent call last)
Cell [1;32mIn[3], line 1[0m
[1;32m----> 1[0m path [38;5;241m=[39m [43mkagglehub[49m[38;5;241;43m.[39;49m[43mdataset_download[49m[43m([49m[38;5;124;43m"[39;49m[38;5;124;43maustinreese/craigslist-carstrucks-data[39;49m[38;5;124;43m"[39;49m[43m)[49m
[0;32m      3[0m [38;5;28mprint[39m([38;5;124m"[39m[38;5;124mPath to dataset files:[39m[38;5;124m"[39m, path)

File [1;32m~\miniconda3\envs\ml_venv\lib\site-packages\kagglehub\datasets.py:43[0m, in [0;36mdataset_download[1;34m(handle, path, force_download)[0m
[0;32m     41[0m h [38;5;241m=[39m parse_dataset_handle(handle)
[0;32m     42[0m logger[38;5;241m.[39minfo([38;5;124mf[39m[38;5;124m"[39m[38;5;124mDownloading Dataset: [39m[38;5;132;01m{[39;00mh[38;5;241m.[39mto_url()[38;5;132;01m}[39;00m[38;5;124m ...[39m[38;5;124m"[39m, extra[38;5;241m=[39m{[38;5;241m*[39m[38;5;241m*[39mEXTRA_CONSOLE_BLOCK})
[1;32m---> 43[0m path, _ [38;5;241m=[39m [43mregistry[49m[38;5;241;43m.[39;49m[43mdataset_resolver[49m[43m([49m[43mh[49m[43m,[49m[43m [49m[43mpath[49m[43m,[49m[43m [49m[43mforce_download[49m[38;5;241;43m=[39;49m[43mforce_download[49m[43m)[49m
[0;32m     44[0m [38;5;28;01mreturn[39;00m path

File [1;32m~\miniconda3\envs\ml_venv\lib\site-packages\kagglehub\registry.py:28[0m, in [0;36mMultiImplRegistry.__call__[1;34m(self, *args, **kwargs)[0m
[0;32m     26[0m [38;5;28;01mfor[39;00m impl [38;5;129;01min[39;00m [38;5;28mreversed[39m([38;5;28mself[39m[38;5;241m.[39m_impls):
[0;32m     27[0m     [38;5;28;01mif[39;00m impl[38;5;241m.[39mis_supported([38;5;241m*[39margs, [38;5;241m*[39m[38;5;241m*[39mkwargs):
[1;32m---> 28[0m         [38;5;28;01mreturn[39;00m impl([38;5;241m*[39margs, [38;5;241m*[39m[38;5;241m*[39mkwargs)
[0;32m     29[0m     [38;5;28;01melse[39;00m:
[0;32m     30[0m         fails[38;5;241m.[39mappend([38;5;28mtype[39m(impl)[38;5;241m.[39m[38;5;18m__name__[39m)

File [1;32m~\miniconda3\envs\ml_venv\lib\site-packages\kagglehub\resolver.py:29[0m, in [0;36mResolver.__call__[1;34m(self, handle, path, force_download)[0m
[0;32m     15[0m [38;5;28;01mdef[39;00m[38;5;250m [39m[38;5;21m__call__[39m(
[0;32m     16[0m     [38;5;28mself[39m, handle: T, path: Optional[[38;5;28mstr[39m] [38;5;241m=[39m [38;5;28;01mNone[39;00m, [38;5;241m*[39m, force_download: Optional[[38;5;28mbool[39m] [38;5;241m=[39m [38;5;28;01mFalse[39;00m
[0;32m     17[0m ) [38;5;241m-[39m[38;5;241m>[39m [38;5;28mtuple[39m[[38;5;28mstr[39m, Optional[[38;5;28mint[39m]]:
[0;32m     18[0m [38;5;250m    [39m[38;5;124;03m"""Resolves a handle into a path with the requested file(s) and the resource's version number.[39;00m
[0;32m     19[0m 
[0;32m     20[0m [38;5;124;03m    Args:[39;00m
[1;32m   (...)[0m
[0;32m     27[0m [38;5;124;03m        Some cases where version number might be missing: Competition datasource, API-based models.[39;00m
[0;32m     28[0m [38;5;124;03m    """[39;00m
[1;32m---> 29[0m     path, version [38;5;241m=[39m [38;5;28;43mself[39;49m[38;5;241;43m.[39;49m[43m_resolve[49m[43m([49m[43mhandle[49m[43m,[49m[43m [49m[43mpath[49m[43m,[49m[43m [49m[43mforce_download[49m[38;5;241;43m=[39;49m[43mforce_download[49m[43m)[49m
[0;32m     31[0m     [38;5;66;03m# Note handles are immutable, so _resolve() could not have altered our reference[39;00m
[0;32m     32[0m     register_datasource_access(handle, version)

File [1;32m~\miniconda3\envs\ml_venv\lib\site-packages\kagglehub\http_resolver.py:107[0m, in [0;36mDatasetHttpResolver._resolve[1;34m(self, h, path, force_download)[0m
[0;32m    104[0m api_client [38;5;241m=[39m KaggleApiV1Client()
[0;32m    106[0m [38;5;28;01mif[39;00m [38;5;129;01mnot[39;00m h[38;5;241m.[39mis_versioned():
[1;32m--> 107[0m     h [38;5;241m=[39m h[38;5;241m.[39mwith_version([43m_get_current_version[49m[43m([49m[43mapi_client[49m[43m,[49m[43m [49m[43mh[49m[43m)[49m)
[0;32m    109[0m dataset_path [38;5;241m=[39m load_from_cache(h, path)
[0;32m    110[0m [38;5;28;01mif[39;00m dataset_path [38;5;129;01mand[39;00m [38;5;129;01mnot[39;00m force_download:

File [1;32m~\miniconda3\envs\ml_venv\lib\site-packages\kagglehub\http_resolver.py:290[0m, in [0;36m_get_current_version[1;34m(api_client, h)[0m
[0;32m    287[0m     [38;5;28;01mreturn[39;00m json_response[MODEL_INSTANCE_VERSION_FIELD]
[0;32m    289[0m [38;5;28;01melif[39;00m [38;5;28misinstance[39m(h, DatasetHandle):
[1;32m--> 290[0m     json_response [38;5;241m=[39m [43mapi_client[49m[38;5;241;43m.[39;49m[43mget[49m[43m([49m[43m_build_get_dataset_url_path[49m[43m([49m[43mh[49m[43m)[49m[43m,[49m[43m [49m[43mh[49m[43m)[49m
[0;32m    291[0m     [38;5;28;01mif[39;00m DATASET_CURRENT_VERSION_FIELD [38;5;129;01mnot[39;00m [38;5;129;01min[39;00m json_response:
[0;32m    292[0m         msg [38;5;241m=[39m [38;5;124mf[39m[38;5;124m"[39m[38;5;124mInvalid GetDataset API response. Expected to include a [39m[38;5;132;01m{[39;00mDATASET_CURRENT_VERSION_FIELD[38;5;132;01m}[39;00m[38;5;124m field[39m[38;5;124m"[39m

File [1;32m~\miniconda3\envs\ml_venv\lib\site-packages\kagglehub\clients.py:133[0m, in [0;36mKaggleApiV1Client.get[1;34m(self, path, resource_handle)[0m
[0;32m    131[0m [38;5;28;01mdef[39;00m[38;5;250m [39m[38;5;21mget[39m([38;5;28mself[39m, path: [38;5;28mstr[39m, resource_handle: Optional[ResourceHandle] [38;5;241m=[39m [38;5;28;01mNone[39;00m) [38;5;241m-[39m[38;5;241m>[39m [38;5;28mdict[39m:
[0;32m    132[0m     url [38;5;241m=[39m [38;5;28mself[39m[38;5;241m.[39m_build_url(path)
[1;32m--> 133[0m     [38;5;28;01mwith[39;00m [43mrequests[49m[38;5;241;43m.[39;49m[43mget[49m[43m([49m
[0;32m    134[0m [43m        [49m[43murl[49m[43m,[49m
[0;32m    135[0m [43m        [49m[43mheaders[49m[38;5;241;43m=[39;49m[43m{[49m[38;5;124;43m"[39;49m[38;5;124;43mUser-Agent[39;49m[38;5;124;43m"[39;49m[43m:[49m[43m [49m[43mget_user_agent[49m[43m([49m[43m)[49m[43m}[49m[43m,[49m
[0;32m    136[0m [43m        [49m[43mauth[49m[38;5;241;43m=[39;49m[38;5;28;43mself[39;49m[38;5;241;43m.[39;49m[43m_get_auth[49m[43m([49m[43m)[49m[43m,[49m
[0;32m    137[0m [43m        [49m[43mtimeout[49m[38;5;241;43m=[39;49m[43m([49m[43mDEFAULT_CONNECT_TIMEOUT[49m[43m,[49m[43m [49m[43mDEFAULT_READ_TIMEOUT[49m[43m)[49m[43m,[49m
[0;32m    138[0m [43m    [49m[43m)[49m [38;5;28;01mas[39;00m response:
[0;32m    139[0m         kaggle_api_raise_for_status(response, resource_handle)
[0;32m    140[0m         [38;5;28mself[39m[38;5;241m.[39m_check_for_version_update(response)

File [1;32m~\miniconda3\envs\ml_venv\lib\site-packages\requests\api.py:73[0m, in [0;36mget[1;34m(url, params, **kwargs)[0m
[0;32m     62[0m [38;5;28;01mdef[39;00m[38;5;250m [39m[38;5;21mget[39m(url, params[38;5;241m=[39m[38;5;28;01mNone[39;00m, [38;5;241m*[39m[38;5;241m*[39mkwargs):
[0;32m     63[0m [38;5;250m    [39m[38;5;124mr[39m[38;5;124;03m"""Sends a GET request.[39;00m
[0;32m     64[0m 
[0;32m     65[0m [38;5;124;03m    :param url: URL for the new :class:`Request` object.[39;00m
[1;32m   (...)[0m
[0;32m     70[0m [38;5;124;03m    :rtype: requests.Response[39;00m
[0;32m     71[0m [38;5;124;03m    """[39;00m
[1;32m---> 73[0m     [38;5;28;01mreturn[39;00m request([38;5;124m"[39m[38;5;124mget[39m[38;5;124m"[39m, url, params[38;5;241m=[39mparams, [38;5;241m*[39m[38;5;241m*[39mkwargs)

File [1;32m~\miniconda3\envs\ml_venv\lib\site-packages\requests\api.py:59[0m, in [0;36mrequest[1;34m(method, url, **kwargs)[0m
[0;32m     55[0m [38;5;66;03m# By using the 'with' statement we are sure the session is closed, thus we[39;00m
[0;32m     56[0m [38;5;66;03m# avoid leaving sockets open which can trigger a ResourceWarning in some[39;00m
[0;32m     57[0m [38;5;66;03m# cases, and look like a memory leak in others.[39;00m
[0;32m     58[0m [38;5;28;01mwith[39;00m sessions[38;5;241m.[39mSession() [38;5;28;01mas[39;00m session:
[1;32m---> 59[0m     [38;5;28;01mreturn[39;00m session[38;5;241m.[39mrequest(method[38;5;241m=[39mmethod, url[38;5;241m=[39murl, [38;5;241m*[39m[38;5;241m*[39mkwargs)

File [1;32m~\miniconda3\envs\ml_venv\lib\site-packages\requests\sessions.py:589[0m, in [0;36mSession.request[1;34m(self, method, url, params, data, headers, cookies, files, auth, timeout, allow_redirects, proxies, hooks, stream, verify, cert, json)[0m
[0;32m    584[0m send_kwargs [38;5;241m=[39m {
[0;32m    585[0m     [38;5;124m"[39m[38;5;124mtimeout[39m[38;5;124m"[39m: timeout,
[0;32m    586[0m     [38;5;124m"[39m[38;5;124mallow_redirects[39m[38;5;124m"[39m: allow_redirects,
[0;32m    587[0m }
[0;32m    588[0m send_kwargs[38;5;241m.[39mupdate(settings)
[1;32m--> 589[0m resp [38;5;241m=[39m [38;5;28mself[39m[38;5;241m.[39msend(prep, [38;5;241m*[39m[38;5;241m*[39msend_kwargs)
[0;32m    591[0m [38;5;28;01mreturn[39;00m resp

File [1;32m~\miniconda3\envs\ml_venv\lib\site-packages\requests\sessions.py:703[0m, in [0;36mSession.send[1;34m(self, request, **kwargs)[0m
[0;32m    700[0m start [38;5;241m=[39m preferred_clock()
[0;32m    702[0m [38;5;66;03m# Send the request[39;00m
[1;32m--> 703[0m r [38;5;241m=[39m adapter[38;5;241m.[39msend(request, [38;5;241m*[39m[38;5;241m*[39mkwargs)
[0;32m    705[0m [38;5;66;03m# Total elapsed time of the request (approximately)[39;00m
[0;32m    706[0m elapsed [38;5;241m=[39m preferred_clock() [38;5;241m-[39m start

File [1;32m~\miniconda3\envs\ml_venv\lib\site-packages\requests\adapters.py:507[0m, in [0;36mHTTPAdapter.send[1;34m(self, request, stream, timeout, verify, cert, proxies)[0m
[0;32m    504[0m [38;5;28;01mif[39;00m [38;5;28misinstance[39m(e[38;5;241m.[39mreason, ConnectTimeoutError):
[0;32m    505[0m     [38;5;66;03m# TODO: Remove this in 3.0.0: see #2811[39;00m
[0;32m    506[0m     [38;5;28;01mif[39;00m [38;5;129;01mnot[39;00m [38;5;28misinstance[39m(e[38;5;241m.[39mreason, NewConnectionError):
[1;32m--> 507[0m         [38;5;28;01mraise[39;00m ConnectTimeout(e, request[38;5;241m=[39mrequest)
[0;32m    509[0m [38;5;28;01mif[39;00m [38;5;28misinstance[39m(e[38;5;241m.[39mreason, ResponseError):
[0;32m    510[0m     [38;5;28;01mraise[39;00m RetryError(e, request[38;5;241m=[39mrequest)

[1;31mConnectTimeout[0m: HTTPSConnectionPool(host='www.kaggle.com', port=443): Max retries exceeded with url: /api/v1/datasets/view/austinreese/craigslist-carstrucks-data (Caused by ConnectTimeoutError(<urllib3.connection.HTTPSConnection object at 0x000002627BDA2580>, 'Connection to www.kaggle.com timed out. (connect timeout=5)'))

